# JRE version: Java(TM) SE Runtime Environment (8.0_121-b13) (build 1.8.0_121-b13)
# Java VM: Java HotSpot(TM) 64-Bit Server VM (25.121-b13 mixed mode windows-amd64 compressed oops)
Heap:
 PSYoungGen      total 174592K, used 152347K [0x00000000db100000, 0x00000000ead00000, 0x0000000100000000)
  eden space 161280K, 94% used [0x00000000db100000,0x00000000e45c6ea0,0x00000000e4e80000)
  from space 13312K, 0% used [0x00000000ea000000,0x00000000ea000000,0x00000000ead00000)
  to   space 16384K, 0% used [0x00000000e8d00000,0x00000000e8d00000,0x00000000e9d00000)
 ParOldGen       total 119808K, used 33859K [0x0000000091200000, 0x0000000098700000, 0x00000000db100000)
  object space 119808K, 28% used [0x0000000091200000,0x0000000093310e48,0x0000000098700000)
 Metaspace       used 47719K, capacity 49658K, committed 49792K, reserved 1093632K
  class space    used 6055K, capacity 6485K, committed 6528K, reserved 1048576K
GC Heap History (10 events):
Event: 28.451 GC heap before
{Heap before GC invocations=6 (full 0):
 PSYoungGen      total 61952K, used 61936K [0x00000000db100000, 0x00000000e3900000, 0x0000000100000000)
  eden space 57344K, 100% used [0x00000000db100000,0x00000000de900000,0x00000000de900000)
  from space 4608K, 99% used [0x00000000de900000,0x00000000ded7c020,0x00000000ded80000)
  to   space 12288K, 0% used [0x00000000e2d00000,0x00000000e2d00000,0x00000000e3900000)
 ParOldGen       total 76800K, used 15558K [0x0000000091200000, 0x0000000095d00000, 0x00000000db100000)
  object space 76800K, 20% used [0x0000000091200000,0x0000000092131ad8,0x0000000095d00000)
 Metaspace       used 17118K, capacity 17544K, committed 17792K, reserved 1064960K
  class space    used 2011K, capacity 2154K, committed 2176K, reserved 1048576K
Event: 28.560 GC heap after
Heap after GC invocations=6 (full 0):
 PSYoungGen      total 126976K, used 9433K [0x00000000db100000, 0x00000000e3900000, 0x0000000100000000)
  eden space 114688K, 0% used [0x00000000db100000,0x00000000db100000,0x00000000e2100000)
  from space 12288K, 76% used [0x00000000e2d00000,0x00000000e36365e0,0x00000000e3900000)
  to   space 12288K, 0% used [0x00000000e2100000,0x00000000e2100000,0x00000000e2d00000)
 ParOldGen       total 76800K, used 15566K [0x0000000091200000, 0x0000000095d00000, 0x00000000db100000)
  object space 76800K, 20% used [0x0000000091200000,0x0000000092133ad8,0x0000000095d00000)
 Metaspace       used 17118K, capacity 17544K, committed 17792K, reserved 1064960K
  class space    used 2011K, capacity 2154K, committed 2176K, reserved 1048576K
}
Event: 38.397 GC heap before
{Heap before GC invocations=7 (full 0):
 PSYoungGen      total 126976K, used 92848K [0x00000000db100000, 0x00000000e3900000, 0x0000000100000000)
  eden space 114688K, 72% used [0x00000000db100000,0x00000000e0275ac8,0x00000000e2100000)
  from space 12288K, 76% used [0x00000000e2d00000,0x00000000e36365e0,0x00000000e3900000)
  to   space 12288K, 0% used [0x00000000e2100000,0x00000000e2100000,0x00000000e2d00000)
 ParOldGen       total 76800K, used 15566K [0x0000000091200000, 0x0000000095d00000, 0x00000000db100000)
  object space 76800K, 20% used [0x0000000091200000,0x0000000092133ad8,0x0000000095d00000)
 Metaspace       used 20572K, capacity 21172K, committed 21296K, reserved 1069056K
  class space    used 2423K, capacity 2626K, committed 2688K, reserved 1048576K
Event: 38.458 GC heap after
Heap after GC invocations=7 (full 0):
 PSYoungGen      total 126976K, used 12260K [0x00000000db100000, 0x00000000eaf00000, 0x0000000100000000)
  eden space 114688K, 0% used [0x00000000db100000,0x00000000db100000,0x00000000e2100000)
  from space 12288K, 99% used [0x00000000e2100000,0x00000000e2cf9368,0x00000000e2d00000)
  to   space 15360K, 0% used [0x00000000ea000000,0x00000000ea000000,0x00000000eaf00000)
 ParOldGen       total 76800K, used 18226K [0x0000000091200000, 0x0000000095d00000, 0x00000000db100000)
  object space 76800K, 23% used [0x0000000091200000,0x00000000923cc820,0x0000000095d00000)
 Metaspace       used 20572K, capacity 21172K, committed 21296K, reserved 1069056K
  class space    used 2423K, capacity 2626K, committed 2688K, reserved 1048576K
}
Event: 38.458 GC heap before
{Heap before GC invocations=8 (full 1):
 PSYoungGen      total 126976K, used 12260K [0x00000000db100000, 0x00000000eaf00000, 0x0000000100000000)
  eden space 114688K, 0% used [0x00000000db100000,0x00000000db100000,0x00000000e2100000)
  from space 12288K, 99% used [0x00000000e2100000,0x00000000e2cf9368,0x00000000e2d00000)
  to   space 15360K, 0% used [0x00000000ea000000,0x00000000ea000000,0x00000000eaf00000)
 ParOldGen       total 76800K, used 18226K [0x0000000091200000, 0x0000000095d00000, 0x00000000db100000)
  object space 76800K, 23% used [0x0000000091200000,0x00000000923cc820,0x0000000095d00000)
 Metaspace       used 20572K, capacity 21172K, committed 21296K, reserved 1069056K
  class space    used 2423K, capacity 2626K, committed 2688K, reserved 1048576K
Event: 39.090 GC heap after
Heap after GC invocations=8 (full 1):
 PSYoungGen      total 126976K, used 0K [0x00000000db100000, 0x00000000eaf00000, 0x0000000100000000)
  eden space 114688K, 0% used [0x00000000db100000,0x00000000db100000,0x00000000e2100000)
  from space 12288K, 0% used [0x00000000e2100000,0x00000000e2100000,0x00000000e2d00000)
  to   space 15360K, 0% used [0x00000000ea000000,0x00000000ea000000,0x00000000eaf00000)
 ParOldGen       total 76288K, used 24026K [0x0000000091200000, 0x0000000095c80000, 0x00000000db100000)
  object space 76288K, 31% used [0x0000000091200000,0x0000000092976ae0,0x0000000095c80000)
 Metaspace       used 20572K, capacity 21172K, committed 21296K, reserved 1069056K
  class space    used 2423K, capacity 2626K, committed 2688K, reserved 1048576K
}
Event: 47.894 GC heap before
{Heap before GC invocations=9 (full 1):
 PSYoungGen      total 126976K, used 86846K [0x00000000db100000, 0x00000000eaf00000, 0x0000000100000000)
  eden space 114688K, 75% used [0x00000000db100000,0x00000000e05cf8f8,0x00000000e2100000)
  from space 12288K, 0% used [0x00000000e2100000,0x00000000e2100000,0x00000000e2d00000)
  to   space 15360K, 0% used [0x00000000ea000000,0x00000000ea000000,0x00000000eaf00000)
 ParOldGen       total 76288K, used 24026K [0x0000000091200000, 0x0000000095c80000, 0x00000000db100000)
  object space 76288K, 31% used [0x0000000091200000,0x0000000092976ae0,0x0000000095c80000)
 Metaspace       used 34421K, capacity 35354K, committed 35496K, reserved 1081344K
  class space    used 4299K, capacity 4567K, committed 4608K, reserved 1048576K
Event: 47.948 GC heap after
Heap after GC invocations=9 (full 1):
 PSYoungGen      total 174592K, used 13306K [0x00000000db100000, 0x00000000ead00000, 0x0000000100000000)
  eden space 161280K, 0% used [0x00000000db100000,0x00000000db100000,0x00000000e4e80000)
  from space 13312K, 99% used [0x00000000ea000000,0x00000000eacfe8a0,0x00000000ead00000)
  to   space 16384K, 0% used [0x00000000e8d00000,0x00000000e8d00000,0x00000000e9d00000)
 ParOldGen       total 76288K, used 24098K [0x0000000091200000, 0x0000000095c80000, 0x00000000db100000)
  object space 76288K, 31% used [0x0000000091200000,0x0000000092988af0,0x0000000095c80000)
 Metaspace       used 34421K, capacity 35354K, committed 35496K, reserved 1081344K
  class space    used 4299K, capacity 4567K, committed 4608K, reserved 1048576K
}
Event: 47.948 GC heap before
{Heap before GC invocations=10 (full 2):
 PSYoungGen      total 174592K, used 13306K [0x00000000db100000, 0x00000000ead00000, 0x0000000100000000)
  eden space 161280K, 0% used [0x00000000db100000,0x00000000db100000,0x00000000e4e80000)
  from space 13312K, 99% used [0x00000000ea000000,0x00000000eacfe8a0,0x00000000ead00000)
  to   space 16384K, 0% used [0x00000000e8d00000,0x00000000e8d00000,0x00000000e9d00000)
 ParOldGen       total 76288K, used 24098K [0x0000000091200000, 0x0000000095c80000, 0x00000000db100000)
  object space 76288K, 31% used [0x0000000091200000,0x0000000092988af0,0x0000000095c80000)
 Metaspace       used 34421K, capacity 35354K, committed 35496K, reserved 1081344K
  class space    used 4299K, capacity 4567K, committed 4608K, reserved 1048576K
Event: 48.402 GC heap after
Heap after GC invocations=10 (full 2):
 PSYoungGen      total 174592K, used 0K [0x00000000db100000, 0x00000000ead00000, 0x0000000100000000)
  eden space 161280K, 0% used [0x00000000db100000,0x00000000db100000,0x00000000e4e80000)
  from space 13312K, 0% used [0x00000000ea000000,0x00000000ea000000,0x00000000ead00000)
  to   space 16384K, 0% used [0x00000000e8d00000,0x00000000e8d00000,0x00000000e9d00000)
 ParOldGen       total 119808K, used 33859K [0x0000000091200000, 0x0000000098700000, 0x00000000db100000)
  object space 119808K, 28% used [0x0000000091200000,0x0000000093310e48,0x0000000098700000)
 Metaspace       used 34421K, capacity 35354K, committed 35496K, reserved 1081344K
  class space    used 4299K, capacity 4567K, committed 4608K, reserved 1048576K
}

