# JRE version: Java(TM) SE Runtime Environment (8.0_121-b13) (build 1.8.0_121-b13)
# Java VM: Java HotSpot(TM) 64-Bit Server VM (25.121-b13 mixed mode windows-amd64 compressed oops)
Heap:
 PSYoungGen      total 183808K, used 138482K [0x00000000db100000, 0x00000000eaa00000, 0x0000000100000000)
  eden space 171008K, 80% used [0x00000000db100000,0x00000000e383cba8,0x00000000e5800000)
  from space 12800K, 0% used [0x00000000e9d80000,0x00000000e9d80000,0x00000000eaa00000)
  to   space 14848K, 0% used [0x00000000e8d00000,0x00000000e8d00000,0x00000000e9b80000)
 ParOldGen       total 118784K, used 34722K [0x0000000091200000, 0x0000000098600000, 0x00000000db100000)
  object space 118784K, 29% used [0x0000000091200000,0x00000000933e89f0,0x0000000098600000)
 Metaspace       used 47613K, capacity 49594K, committed 49792K, reserved 1093632K
  class space    used 6036K, capacity 6485K, committed 6528K, reserved 1048576K
GC Heap History (10 events):
Event: 33.496 GC heap before
{Heap before GC invocations=6 (full 0):
 PSYoungGen      total 61952K, used 61920K [0x00000000db100000, 0x00000000e3b00000, 0x0000000100000000)
  eden space 57344K, 100% used [0x00000000db100000,0x00000000de900000,0x00000000de900000)
  from space 4608K, 99% used [0x00000000de900000,0x00000000ded78030,0x00000000ded80000)
  to   space 13312K, 0% used [0x00000000e2e00000,0x00000000e2e00000,0x00000000e3b00000)
 ParOldGen       total 76800K, used 20423K [0x0000000091200000, 0x0000000095d00000, 0x00000000db100000)
  object space 76800K, 26% used [0x0000000091200000,0x00000000925f1c70,0x0000000095d00000)
 Metaspace       used 17647K, capacity 18168K, committed 18304K, reserved 1064960K
  class space    used 2017K, capacity 2172K, committed 2176K, reserved 1048576K
Event: 33.595 GC heap after
Heap after GC invocations=6 (full 0):
 PSYoungGen      total 126976K, used 8234K [0x00000000db100000, 0x00000000e3a00000, 0x0000000100000000)
  eden space 114688K, 0% used [0x00000000db100000,0x00000000db100000,0x00000000e2100000)
  from space 12288K, 67% used [0x00000000e2e00000,0x00000000e360abe8,0x00000000e3a00000)
  to   space 12800K, 0% used [0x00000000e2100000,0x00000000e2100000,0x00000000e2d80000)
 ParOldGen       total 76800K, used 20431K [0x0000000091200000, 0x0000000095d00000, 0x00000000db100000)
  object space 76800K, 26% used [0x0000000091200000,0x00000000925f3c70,0x0000000095d00000)
 Metaspace       used 17647K, capacity 18168K, committed 18304K, reserved 1064960K
  class space    used 2017K, capacity 2172K, committed 2176K, reserved 1048576K
}
Event: 36.828 GC heap before
{Heap before GC invocations=7 (full 0):
 PSYoungGen      total 126976K, used 35676K [0x00000000db100000, 0x00000000e3a00000, 0x0000000100000000)
  eden space 114688K, 23% used [0x00000000db100000,0x00000000dcbcc7c0,0x00000000e2100000)
  from space 12288K, 67% used [0x00000000e2e00000,0x00000000e360abe8,0x00000000e3a00000)
  to   space 12800K, 0% used [0x00000000e2100000,0x00000000e2100000,0x00000000e2d80000)
 ParOldGen       total 76800K, used 20431K [0x0000000091200000, 0x0000000095d00000, 0x00000000db100000)
  object space 76800K, 26% used [0x0000000091200000,0x00000000925f3c70,0x0000000095d00000)
 Metaspace       used 20586K, capacity 21172K, committed 21296K, reserved 1069056K
  class space    used 2428K, capacity 2626K, committed 2688K, reserved 1048576K
Event: 36.862 GC heap after
Heap after GC invocations=7 (full 0):
 PSYoungGen      total 127488K, used 9164K [0x00000000db100000, 0x00000000eaa00000, 0x0000000100000000)
  eden space 114688K, 0% used [0x00000000db100000,0x00000000db100000,0x00000000e2100000)
  from space 12800K, 71% used [0x00000000e2100000,0x00000000e29f3168,0x00000000e2d80000)
  to   space 12800K, 0% used [0x00000000e9d80000,0x00000000e9d80000,0x00000000eaa00000)
 ParOldGen       total 76800K, used 21639K [0x0000000091200000, 0x0000000095d00000, 0x00000000db100000)
  object space 76800K, 28% used [0x0000000091200000,0x0000000092721d20,0x0000000095d00000)
 Metaspace       used 20586K, capacity 21172K, committed 21296K, reserved 1069056K
  class space    used 2428K, capacity 2626K, committed 2688K, reserved 1048576K
}
Event: 36.862 GC heap before
{Heap before GC invocations=8 (full 1):
 PSYoungGen      total 127488K, used 9164K [0x00000000db100000, 0x00000000eaa00000, 0x0000000100000000)
  eden space 114688K, 0% used [0x00000000db100000,0x00000000db100000,0x00000000e2100000)
  from space 12800K, 71% used [0x00000000e2100000,0x00000000e29f3168,0x00000000e2d80000)
  to   space 12800K, 0% used [0x00000000e9d80000,0x00000000e9d80000,0x00000000eaa00000)
 ParOldGen       total 76800K, used 21639K [0x0000000091200000, 0x0000000095d00000, 0x00000000db100000)
  object space 76800K, 28% used [0x0000000091200000,0x0000000092721d20,0x0000000095d00000)
 Metaspace       used 20586K, capacity 21172K, committed 21296K, reserved 1069056K
  class space    used 2428K, capacity 2626K, committed 2688K, reserved 1048576K
Event: 37.222 GC heap after
Heap after GC invocations=8 (full 1):
 PSYoungGen      total 127488K, used 0K [0x00000000db100000, 0x00000000eaa00000, 0x0000000100000000)
  eden space 114688K, 0% used [0x00000000db100000,0x00000000db100000,0x00000000e2100000)
  from space 12800K, 0% used [0x00000000e2100000,0x00000000e2100000,0x00000000e2d80000)
  to   space 12800K, 0% used [0x00000000e9d80000,0x00000000e9d80000,0x00000000eaa00000)
 ParOldGen       total 75776K, used 24171K [0x0000000091200000, 0x0000000095c00000, 0x00000000db100000)
  object space 75776K, 31% used [0x0000000091200000,0x000000009299afe0,0x0000000095c00000)
 Metaspace       used 20586K, capacity 21172K, committed 21296K, reserved 1069056K
  class space    used 2428K, capacity 2626K, committed 2688K, reserved 1048576K
}
Event: 44.566 GC heap before
{Heap before GC invocations=9 (full 1):
 PSYoungGen      total 127488K, used 101068K [0x00000000db100000, 0x00000000eaa00000, 0x0000000100000000)
  eden space 114688K, 88% used [0x00000000db100000,0x00000000e13b3228,0x00000000e2100000)
  from space 12800K, 0% used [0x00000000e2100000,0x00000000e2100000,0x00000000e2d80000)
  to   space 12800K, 0% used [0x00000000e9d80000,0x00000000e9d80000,0x00000000eaa00000)
 ParOldGen       total 75776K, used 24171K [0x0000000091200000, 0x0000000095c00000, 0x00000000db100000)
  object space 75776K, 31% used [0x0000000091200000,0x000000009299afe0,0x0000000095c00000)
 Metaspace       used 34302K, capacity 35270K, committed 35456K, reserved 1079296K
  class space    used 4311K, capacity 4613K, committed 4736K, reserved 1048576K
Event: 44.609 GC heap after
Heap after GC invocations=9 (full 1):
 PSYoungGen      total 183808K, used 12793K [0x00000000db100000, 0x00000000eaa00000, 0x0000000100000000)
  eden space 171008K, 0% used [0x00000000db100000,0x00000000db100000,0x00000000e5800000)
  from space 12800K, 99% used [0x00000000e9d80000,0x00000000ea9fe448,0x00000000eaa00000)
  to   space 14848K, 0% used [0x00000000e8d00000,0x00000000e8d00000,0x00000000e9b80000)
 ParOldGen       total 75776K, used 25836K [0x0000000091200000, 0x0000000095c00000, 0x00000000db100000)
  object space 75776K, 34% used [0x0000000091200000,0x0000000092b3b158,0x0000000095c00000)
 Metaspace       used 34302K, capacity 35270K, committed 35456K, reserved 1079296K
  class space    used 4311K, capacity 4613K, committed 4736K, reserved 1048576K
}
Event: 44.609 GC heap before
{Heap before GC invocations=10 (full 2):
 PSYoungGen      total 183808K, used 12793K [0x00000000db100000, 0x00000000eaa00000, 0x0000000100000000)
  eden space 171008K, 0% used [0x00000000db100000,0x00000000db100000,0x00000000e5800000)
  from space 12800K, 99% used [0x00000000e9d80000,0x00000000ea9fe448,0x00000000eaa00000)
  to   space 14848K, 0% used [0x00000000e8d00000,0x00000000e8d00000,0x00000000e9b80000)
 ParOldGen       total 75776K, used 25836K [0x0000000091200000, 0x0000000095c00000, 0x00000000db100000)
  object space 75776K, 34% used [0x0000000091200000,0x0000000092b3b158,0x0000000095c00000)
 Metaspace       used 34302K, capacity 35270K, committed 35456K, reserved 1079296K
  class space    used 4311K, capacity 4613K, committed 4736K, reserved 1048576K
Event: 45.022 GC heap after
Heap after GC invocations=10 (full 2):
 PSYoungGen      total 183808K, used 0K [0x00000000db100000, 0x00000000eaa00000, 0x0000000100000000)
  eden space 171008K, 0% used [0x00000000db100000,0x00000000db100000,0x00000000e5800000)
  from space 12800K, 0% used [0x00000000e9d80000,0x00000000e9d80000,0x00000000eaa00000)
  to   space 14848K, 0% used [0x00000000e8d00000,0x00000000e8d00000,0x00000000e9b80000)
 ParOldGen       total 118784K, used 34722K [0x0000000091200000, 0x0000000098600000, 0x00000000db100000)
  object space 118784K, 29% used [0x0000000091200000,0x00000000933e89f0,0x0000000098600000)
 Metaspace       used 34301K, capacity 35264K, committed 35456K, reserved 1079296K
  class space    used 4311K, capacity 4612K, committed 4736K, reserved 1048576K
}

