# JRE version: Java(TM) SE Runtime Environment (8.0_121-b13) (build 1.8.0_121-b13)
# Java VM: Java HotSpot(TM) 64-Bit Server VM (25.121-b13 mixed mode windows-amd64 compressed oops)
Heap:
 PSYoungGen      total 33280K, used 8110K [0x00000000db100000, 0x00000000dd600000, 0x0000000100000000)
  eden space 28672K, 12% used [0x00000000db100000,0x00000000db473b98,0x00000000dcd00000)
  from space 4608K, 99% used [0x00000000dcd00000,0x00000000dd178050,0x00000000dd180000)
  to   space 4608K, 0% used [0x00000000dd180000,0x00000000dd180000,0x00000000dd600000)
 ParOldGen       total 76800K, used 5674K [0x0000000091200000, 0x0000000095d00000, 0x00000000db100000)
  object space 76800K, 7% used [0x0000000091200000,0x000000009178ab88,0x0000000095d00000)
 Metaspace       used 14661K, capacity 14966K, committed 15232K, reserved 1062912K
  class space    used 1802K, capacity 1907K, committed 1920K, reserved 1048576K
GC Heap History (6 events):
Event: 2.443 GC heap before
{Heap before GC invocations=1 (full 0):
 PSYoungGen      total 33280K, used 28672K [0x00000000db100000, 0x00000000dd600000, 0x0000000100000000)
  eden space 28672K, 100% used [0x00000000db100000,0x00000000dcd00000,0x00000000dcd00000)
  from space 4608K, 0% used [0x00000000dd180000,0x00000000dd180000,0x00000000dd600000)
  to   space 4608K, 0% used [0x00000000dcd00000,0x00000000dcd00000,0x00000000dd180000)
 ParOldGen       total 76800K, used 0K [0x0000000091200000, 0x0000000095d00000, 0x00000000db100000)
  object space 76800K, 0% used [0x0000000091200000,0x0000000091200000,0x0000000095d00000)
 Metaspace       used 8068K, capacity 8264K, committed 8576K, reserved 1056768K
  class space    used 977K, capacity 1052K, committed 1152K, reserved 1048576K
Event: 2.456 GC heap after
Heap after GC invocations=1 (full 0):
 PSYoungGen      total 33280K, used 4590K [0x00000000db100000, 0x00000000dd600000, 0x0000000100000000)
  eden space 28672K, 0% used [0x00000000db100000,0x00000000db100000,0x00000000dcd00000)
  from space 4608K, 99% used [0x00000000dcd00000,0x00000000dd17bbe0,0x00000000dd180000)
  to   space 4608K, 0% used [0x00000000dd180000,0x00000000dd180000,0x00000000dd600000)
 ParOldGen       total 76800K, used 766K [0x0000000091200000, 0x0000000095d00000, 0x00000000db100000)
  object space 76800K, 0% used [0x0000000091200000,0x00000000912bf9f8,0x0000000095d00000)
 Metaspace       used 8068K, capacity 8264K, committed 8576K, reserved 1056768K
  class space    used 977K, capacity 1052K, committed 1152K, reserved 1048576K
}
Event: 3.882 GC heap before
{Heap before GC invocations=2 (full 0):
 PSYoungGen      total 33280K, used 33262K [0x00000000db100000, 0x00000000dd600000, 0x0000000100000000)
  eden space 28672K, 100% used [0x00000000db100000,0x00000000dcd00000,0x00000000dcd00000)
  from space 4608K, 99% used [0x00000000dcd00000,0x00000000dd17bbe0,0x00000000dd180000)
  to   space 4608K, 0% used [0x00000000dd180000,0x00000000dd180000,0x00000000dd600000)
 ParOldGen       total 76800K, used 766K [0x0000000091200000, 0x0000000095d00000, 0x00000000db100000)
  object space 76800K, 0% used [0x0000000091200000,0x00000000912bf9f8,0x0000000095d00000)
 Metaspace       used 10836K, capacity 11018K, committed 11264K, reserved 1058816K
  class space    used 1335K, capacity 1415K, committed 1536K, reserved 1048576K
Event: 3.895 GC heap after
Heap after GC invocations=2 (full 0):
 PSYoungGen      total 33280K, used 4584K [0x00000000db100000, 0x00000000dd600000, 0x0000000100000000)
  eden space 28672K, 0% used [0x00000000db100000,0x00000000db100000,0x00000000dcd00000)
  from space 4608K, 99% used [0x00000000dd180000,0x00000000dd5fa2a0,0x00000000dd600000)
  to   space 4608K, 0% used [0x00000000dcd00000,0x00000000dcd00000,0x00000000dd180000)
 ParOldGen       total 76800K, used 2262K [0x0000000091200000, 0x0000000095d00000, 0x00000000db100000)
  object space 76800K, 2% used [0x0000000091200000,0x0000000091435b58,0x0000000095d00000)
 Metaspace       used 10836K, capacity 11018K, committed 11264K, reserved 1058816K
  class space    used 1335K, capacity 1415K, committed 1536K, reserved 1048576K
}
Event: 6.242 GC heap before
{Heap before GC invocations=3 (full 0):
 PSYoungGen      total 33280K, used 33256K [0x00000000db100000, 0x00000000dd600000, 0x0000000100000000)
  eden space 28672K, 100% used [0x00000000db100000,0x00000000dcd00000,0x00000000dcd00000)
  from space 4608K, 99% used [0x00000000dd180000,0x00000000dd5fa2a0,0x00000000dd600000)
  to   space 4608K, 0% used [0x00000000dcd00000,0x00000000dcd00000,0x00000000dd180000)
 ParOldGen       total 76800K, used 2262K [0x0000000091200000, 0x0000000095d00000, 0x00000000db100000)
  object space 76800K, 2% used [0x0000000091200000,0x0000000091435b58,0x0000000095d00000)
 Metaspace       used 14446K, capacity 14678K, committed 14976K, reserved 1062912K
  class space    used 1780K, capacity 1875K, committed 1920K, reserved 1048576K
Event: 6.271 GC heap after
Heap after GC invocations=3 (full 0):
 PSYoungGen      total 33280K, used 4576K [0x00000000db100000, 0x00000000dd600000, 0x0000000100000000)
  eden space 28672K, 0% used [0x00000000db100000,0x00000000db100000,0x00000000dcd00000)
  from space 4608K, 99% used [0x00000000dcd00000,0x00000000dd178050,0x00000000dd180000)
  to   space 4608K, 0% used [0x00000000dd180000,0x00000000dd180000,0x00000000dd600000)
 ParOldGen       total 76800K, used 5674K [0x0000000091200000, 0x0000000095d00000, 0x00000000db100000)
  object space 76800K, 7% used [0x0000000091200000,0x000000009178ab88,0x0000000095d00000)
 Metaspace       used 14446K, capacity 14678K, committed 14976K, reserved 1062912K
  class space    used 1780K, capacity 1875K, committed 1920K, reserved 1048576K
}

