# JRE version: Java(TM) SE Runtime Environment (8.0_121-b13) (build 1.8.0_121-b13)
# Java VM: Java HotSpot(TM) 64-Bit Server VM (25.121-b13 mixed mode windows-amd64 compressed oops)
Heap:
 PSYoungGen      total 33280K, used 32388K [0x00000000db100000, 0x00000000dd600000, 0x0000000100000000)
  eden space 28672K, 97% used [0x00000000db100000,0x00000000dcc29218,0x00000000dcd00000)
  from space 4608K, 99% used [0x00000000dd180000,0x00000000dd5f8070,0x00000000dd600000)
  to   space 4608K, 0% used [0x00000000dcd00000,0x00000000dcd00000,0x00000000dd180000)
 ParOldGen       total 76800K, used 9997K [0x0000000091200000, 0x0000000095d00000, 0x00000000db100000)
  object space 76800K, 13% used [0x0000000091200000,0x0000000091bc37c0,0x0000000095d00000)
 Metaspace       used 15416K, capacity 15738K, committed 16128K, reserved 1062912K
  class space    used 1854K, capacity 1945K, committed 2048K, reserved 1048576K
GC Heap History (8 events):
Event: 2.527 GC heap before
{Heap before GC invocations=1 (full 0):
 PSYoungGen      total 33280K, used 28672K [0x00000000db100000, 0x00000000dd600000, 0x0000000100000000)
  eden space 28672K, 100% used [0x00000000db100000,0x00000000dcd00000,0x00000000dcd00000)
  from space 4608K, 0% used [0x00000000dd180000,0x00000000dd180000,0x00000000dd600000)
  to   space 4608K, 0% used [0x00000000dcd00000,0x00000000dcd00000,0x00000000dd180000)
 ParOldGen       total 76800K, used 0K [0x0000000091200000, 0x0000000095d00000, 0x00000000db100000)
  object space 76800K, 0% used [0x0000000091200000,0x0000000091200000,0x0000000095d00000)
 Metaspace       used 8055K, capacity 8232K, committed 8448K, reserved 1056768K
  class space    used 971K, capacity 1020K, committed 1024K, reserved 1048576K
Event: 2.538 GC heap after
Heap after GC invocations=1 (full 0):
 PSYoungGen      total 33280K, used 4594K [0x00000000db100000, 0x00000000dd600000, 0x0000000100000000)
  eden space 28672K, 0% used [0x00000000db100000,0x00000000db100000,0x00000000dcd00000)
  from space 4608K, 99% used [0x00000000dcd00000,0x00000000dd17c888,0x00000000dd180000)
  to   space 4608K, 0% used [0x00000000dd180000,0x00000000dd180000,0x00000000dd600000)
 ParOldGen       total 76800K, used 696K [0x0000000091200000, 0x0000000095d00000, 0x00000000db100000)
  object space 76800K, 0% used [0x0000000091200000,0x00000000912ae328,0x0000000095d00000)
 Metaspace       used 8055K, capacity 8232K, committed 8448K, reserved 1056768K
  class space    used 971K, capacity 1020K, committed 1024K, reserved 1048576K
}
Event: 4.263 GC heap before
{Heap before GC invocations=2 (full 0):
 PSYoungGen      total 33280K, used 33266K [0x00000000db100000, 0x00000000dd600000, 0x0000000100000000)
  eden space 28672K, 100% used [0x00000000db100000,0x00000000dcd00000,0x00000000dcd00000)
  from space 4608K, 99% used [0x00000000dcd00000,0x00000000dd17c888,0x00000000dd180000)
  to   space 4608K, 0% used [0x00000000dd180000,0x00000000dd180000,0x00000000dd600000)
 ParOldGen       total 76800K, used 696K [0x0000000091200000, 0x0000000095d00000, 0x00000000db100000)
  object space 76800K, 0% used [0x0000000091200000,0x00000000912ae328,0x0000000095d00000)
 Metaspace       used 10679K, capacity 10858K, committed 11136K, reserved 1058816K
  class space    used 1317K, capacity 1383K, committed 1408K, reserved 1048576K
Event: 4.284 GC heap after
Heap after GC invocations=2 (full 0):
 PSYoungGen      total 33280K, used 4602K [0x00000000db100000, 0x00000000dd600000, 0x0000000100000000)
  eden space 28672K, 0% used [0x00000000db100000,0x00000000db100000,0x00000000dcd00000)
  from space 4608K, 99% used [0x00000000dd180000,0x00000000dd5febd0,0x00000000dd600000)
  to   space 4608K, 0% used [0x00000000dcd00000,0x00000000dcd00000,0x00000000dd180000)
 ParOldGen       total 76800K, used 2004K [0x0000000091200000, 0x0000000095d00000, 0x00000000db100000)
  object space 76800K, 2% used [0x0000000091200000,0x00000000913f51f8,0x0000000095d00000)
 Metaspace       used 10679K, capacity 10858K, committed 11136K, reserved 1058816K
  class space    used 1317K, capacity 1383K, committed 1408K, reserved 1048576K
}
Event: 6.618 GC heap before
{Heap before GC invocations=3 (full 0):
 PSYoungGen      total 33280K, used 33274K [0x00000000db100000, 0x00000000dd600000, 0x0000000100000000)
  eden space 28672K, 100% used [0x00000000db100000,0x00000000dcd00000,0x00000000dcd00000)
  from space 4608K, 99% used [0x00000000dd180000,0x00000000dd5febd0,0x00000000dd600000)
  to   space 4608K, 0% used [0x00000000dcd00000,0x00000000dcd00000,0x00000000dd180000)
 ParOldGen       total 76800K, used 2004K [0x0000000091200000, 0x0000000095d00000, 0x00000000db100000)
  object space 76800K, 2% used [0x0000000091200000,0x00000000913f51f8,0x0000000095d00000)
 Metaspace       used 14390K, capacity 14614K, committed 14720K, reserved 1062912K
  class space    used 1775K, capacity 1875K, committed 1920K, reserved 1048576K
Event: 6.642 GC heap after
Heap after GC invocations=3 (full 0):
 PSYoungGen      total 33280K, used 4592K [0x00000000db100000, 0x00000000dd600000, 0x0000000100000000)
  eden space 28672K, 0% used [0x00000000db100000,0x00000000db100000,0x00000000dcd00000)
  from space 4608K, 99% used [0x00000000dcd00000,0x00000000dd17c060,0x00000000dd180000)
  to   space 4608K, 0% used [0x00000000dd180000,0x00000000dd180000,0x00000000dd600000)
 ParOldGen       total 76800K, used 4989K [0x0000000091200000, 0x0000000095d00000, 0x00000000db100000)
  object space 76800K, 6% used [0x0000000091200000,0x00000000916df450,0x0000000095d00000)
 Metaspace       used 14390K, capacity 14614K, committed 14720K, reserved 1062912K
  class space    used 1775K, capacity 1875K, committed 1920K, reserved 1048576K
}
Event: 8.138 GC heap before
{Heap before GC invocations=4 (full 0):
 PSYoungGen      total 33280K, used 33264K [0x00000000db100000, 0x00000000dd600000, 0x0000000100000000)
  eden space 28672K, 100% used [0x00000000db100000,0x00000000dcd00000,0x00000000dcd00000)
  from space 4608K, 99% used [0x00000000dcd00000,0x00000000dd17c060,0x00000000dd180000)
  to   space 4608K, 0% used [0x00000000dd180000,0x00000000dd180000,0x00000000dd600000)
 ParOldGen       total 76800K, used 4989K [0x0000000091200000, 0x0000000095d00000, 0x00000000db100000)
  object space 76800K, 6% used [0x0000000091200000,0x00000000916df450,0x0000000095d00000)
 Metaspace       used 15127K, capacity 15380K, committed 15488K, reserved 1062912K
  class space    used 1828K, capacity 1912K, committed 1920K, reserved 1048576K
Event: 8.165 GC heap after
Heap after GC invocations=4 (full 0):
 PSYoungGen      total 33280K, used 4576K [0x00000000db100000, 0x00000000dd600000, 0x0000000100000000)
  eden space 28672K, 0% used [0x00000000db100000,0x00000000db100000,0x00000000dcd00000)
  from space 4608K, 99% used [0x00000000dd180000,0x00000000dd5f8070,0x00000000dd600000)
  to   space 4608K, 0% used [0x00000000dcd00000,0x00000000dcd00000,0x00000000dd180000)
 ParOldGen       total 76800K, used 9997K [0x0000000091200000, 0x0000000095d00000, 0x00000000db100000)
  object space 76800K, 13% used [0x0000000091200000,0x0000000091bc37c0,0x0000000095d00000)
 Metaspace       used 15127K, capacity 15380K, committed 15488K, reserved 1062912K
  class space    used 1828K, capacity 1912K, committed 1920K, reserved 1048576K
}

