# JRE version: Java(TM) SE Runtime Environment (8.0_121-b13) (build 1.8.0_121-b13)
# Java VM: Java HotSpot(TM) 64-Bit Server VM (25.121-b13 mixed mode windows-amd64 compressed oops)
Heap:
 PSYoungGen      total 54784K, used 4523K [0x00000000db100000, 0x00000000df300000, 0x0000000100000000)
  eden space 45056K, 5% used [0x00000000db100000,0x00000000db3a2d48,0x00000000ddd00000)
  from space 9728K, 18% used [0x00000000ddd00000,0x00000000ddec8000,0x00000000de680000)
  to   space 10752K, 0% used [0x00000000de880000,0x00000000de880000,0x00000000df300000)
 ParOldGen       total 69120K, used 28502K [0x0000000091200000, 0x0000000095580000, 0x00000000db100000)
  object space 69120K, 41% used [0x0000000091200000,0x0000000092dd5910,0x0000000095580000)
 Metaspace       used 22324K, capacity 22804K, committed 22960K, reserved 1069056K
  class space    used 2636K, capacity 2780K, committed 2816K, reserved 1048576K
GC Heap History (10 events):
Event: 14.213 GC heap before
{Heap before GC invocations=8 (full 0):
 PSYoungGen      total 33280K, used 33264K [0x00000000db100000, 0x00000000dd600000, 0x0000000100000000)
  eden space 28672K, 100% used [0x00000000db100000,0x00000000dcd00000,0x00000000dcd00000)
  from space 4608K, 99% used [0x00000000dcd00000,0x00000000dd17c010,0x00000000dd180000)
  to   space 4608K, 0% used [0x00000000dd180000,0x00000000dd180000,0x00000000dd600000)
 ParOldGen       total 76800K, used 17597K [0x0000000091200000, 0x0000000095d00000, 0x00000000db100000)
  object space 76800K, 22% used [0x0000000091200000,0x000000009232f470,0x0000000095d00000)
 Metaspace       used 16769K, capacity 17160K, committed 17280K, reserved 1064960K
  class space    used 1971K, capacity 2090K, committed 2176K, reserved 1048576K
Event: 14.344 GC heap after
Heap after GC invocations=8 (full 0):
 PSYoungGen      total 33280K, used 4608K [0x00000000db100000, 0x00000000dd600000, 0x0000000100000000)
  eden space 28672K, 0% used [0x00000000db100000,0x00000000db100000,0x00000000dcd00000)
  from space 4608K, 100% used [0x00000000dd180000,0x00000000dd600000,0x00000000dd600000)
  to   space 4608K, 0% used [0x00000000dcd00000,0x00000000dcd00000,0x00000000dd180000)
 ParOldGen       total 76800K, used 20211K [0x0000000091200000, 0x0000000095d00000, 0x00000000db100000)
  object space 76800K, 26% used [0x0000000091200000,0x00000000925bce68,0x0000000095d00000)
 Metaspace       used 16769K, capacity 17160K, committed 17280K, reserved 1064960K
  class space    used 1971K, capacity 2090K, committed 2176K, reserved 1048576K
}
Event: 16.984 GC heap before
{Heap before GC invocations=9 (full 0):
 PSYoungGen      total 33280K, used 29106K [0x00000000db100000, 0x00000000dd600000, 0x0000000100000000)
  eden space 28672K, 85% used [0x00000000db100000,0x00000000dc8ecb60,0x00000000dcd00000)
  from space 4608K, 100% used [0x00000000dd180000,0x00000000dd600000,0x00000000dd600000)
  to   space 4608K, 0% used [0x00000000dcd00000,0x00000000dcd00000,0x00000000dd180000)
 ParOldGen       total 76800K, used 20211K [0x0000000091200000, 0x0000000095d00000, 0x00000000db100000)
  object space 76800K, 26% used [0x0000000091200000,0x00000000925bce68,0x0000000095d00000)
 Metaspace       used 20722K, capacity 21172K, committed 21296K, reserved 1069056K
  class space    used 2469K, capacity 2620K, committed 2688K, reserved 1048576K
Event: 17.008 GC heap after
Heap after GC invocations=9 (full 0):
 PSYoungGen      total 33280K, used 4595K [0x00000000db100000, 0x00000000df000000, 0x0000000100000000)
  eden space 28672K, 0% used [0x00000000db100000,0x00000000db100000,0x00000000dcd00000)
  from space 4608K, 99% used [0x00000000dcd00000,0x00000000dd17ce78,0x00000000dd180000)
  to   space 9216K, 0% used [0x00000000de700000,0x00000000de700000,0x00000000df000000)
 ParOldGen       total 76800K, used 22083K [0x0000000091200000, 0x0000000095d00000, 0x00000000db100000)
  object space 76800K, 28% used [0x0000000091200000,0x0000000092790f40,0x0000000095d00000)
 Metaspace       used 20722K, capacity 21172K, committed 21296K, reserved 1069056K
  class space    used 2469K, capacity 2620K, committed 2688K, reserved 1048576K
}
Event: 17.008 GC heap before
{Heap before GC invocations=10 (full 1):
 PSYoungGen      total 33280K, used 4595K [0x00000000db100000, 0x00000000df000000, 0x0000000100000000)
  eden space 28672K, 0% used [0x00000000db100000,0x00000000db100000,0x00000000dcd00000)
  from space 4608K, 99% used [0x00000000dcd00000,0x00000000dd17ce78,0x00000000dd180000)
  to   space 9216K, 0% used [0x00000000de700000,0x00000000de700000,0x00000000df000000)
 ParOldGen       total 76800K, used 22083K [0x0000000091200000, 0x0000000095d00000, 0x00000000db100000)
  object space 76800K, 28% used [0x0000000091200000,0x0000000092790f40,0x0000000095d00000)
 Metaspace       used 20722K, capacity 21172K, committed 21296K, reserved 1069056K
  class space    used 2469K, capacity 2620K, committed 2688K, reserved 1048576K
Event: 17.459 GC heap after
Heap after GC invocations=10 (full 1):
 PSYoungGen      total 33280K, used 0K [0x00000000db100000, 0x00000000df000000, 0x0000000100000000)
  eden space 28672K, 0% used [0x00000000db100000,0x00000000db100000,0x00000000dcd00000)
  from space 4608K, 0% used [0x00000000dcd00000,0x00000000dcd00000,0x00000000dd180000)
  to   space 9216K, 0% used [0x00000000de700000,0x00000000de700000,0x00000000df000000)
 ParOldGen       total 69120K, used 20017K [0x0000000091200000, 0x0000000095580000, 0x00000000db100000)
  object space 69120K, 28% used [0x0000000091200000,0x000000009258c6a8,0x0000000095580000)
 Metaspace       used 20722K, capacity 21172K, committed 21296K, reserved 1069056K
  class space    used 2469K, capacity 2620K, committed 2688K, reserved 1048576K
}
Event: 19.233 GC heap before
{Heap before GC invocations=11 (full 1):
 PSYoungGen      total 33280K, used 28672K [0x00000000db100000, 0x00000000df000000, 0x0000000100000000)
  eden space 28672K, 100% used [0x00000000db100000,0x00000000dcd00000,0x00000000dcd00000)
  from space 4608K, 0% used [0x00000000dcd00000,0x00000000dcd00000,0x00000000dd180000)
  to   space 9216K, 0% used [0x00000000de700000,0x00000000de700000,0x00000000df000000)
 ParOldGen       total 69120K, used 20017K [0x0000000091200000, 0x0000000095580000, 0x00000000db100000)
  object space 69120K, 28% used [0x0000000091200000,0x000000009258c6a8,0x0000000095580000)
 Metaspace       used 22210K, capacity 22676K, committed 22960K, reserved 1069056K
  class space    used 2635K, capacity 2780K, committed 2816K, reserved 1048576K
Event: 19.253 GC heap after
Heap after GC invocations=11 (full 1):
 PSYoungGen      total 45056K, used 9191K [0x00000000db100000, 0x00000000df000000, 0x0000000100000000)
  eden space 35840K, 0% used [0x00000000db100000,0x00000000db100000,0x00000000dd400000)
  from space 9216K, 99% used [0x00000000de700000,0x00000000deff9fd8,0x00000000df000000)
  to   space 9728K, 0% used [0x00000000ddd00000,0x00000000ddd00000,0x00000000de680000)
 ParOldGen       total 69120K, used 20259K [0x0000000091200000, 0x0000000095580000, 0x00000000db100000)
  object space 69120K, 29% used [0x0000000091200000,0x00000000925c8d68,0x0000000095580000)
 Metaspace       used 22210K, capacity 22676K, committed 22960K, reserved 1069056K
  class space    used 2635K, capacity 2780K, committed 2816K, reserved 1048576K
}
Event: 20.567 GC heap before
{Heap before GC invocations=12 (full 1):
 PSYoungGen      total 45056K, used 45031K [0x00000000db100000, 0x00000000df000000, 0x0000000100000000)
  eden space 35840K, 100% used [0x00000000db100000,0x00000000dd400000,0x00000000dd400000)
  from space 9216K, 99% used [0x00000000de700000,0x00000000deff9fd8,0x00000000df000000)
  to   space 9728K, 0% used [0x00000000ddd00000,0x00000000ddd00000,0x00000000de680000)
 ParOldGen       total 69120K, used 20259K [0x0000000091200000, 0x0000000095580000, 0x00000000db100000)
  object space 69120K, 29% used [0x0000000091200000,0x00000000925c8d68,0x0000000095580000)
 Metaspace       used 22317K, capacity 22804K, committed 22960K, reserved 1069056K
  class space    used 2636K, capacity 2780K, committed 2816K, reserved 1048576K
Event: 20.613 GC heap after
Heap after GC invocations=12 (full 1):
 PSYoungGen      total 54784K, used 1824K [0x00000000db100000, 0x00000000df300000, 0x0000000100000000)
  eden space 45056K, 0% used [0x00000000db100000,0x00000000db100000,0x00000000ddd00000)
  from space 9728K, 18% used [0x00000000ddd00000,0x00000000ddec8000,0x00000000de680000)
  to   space 10752K, 0% used [0x00000000de880000,0x00000000de880000,0x00000000df300000)
 ParOldGen       total 69120K, used 28502K [0x0000000091200000, 0x0000000095580000, 0x00000000db100000)
  object space 69120K, 41% used [0x0000000091200000,0x0000000092dd5910,0x0000000095580000)
 Metaspace       used 22317K, capacity 22804K, committed 22960K, reserved 1069056K
  class space    used 2636K, capacity 2780K, committed 2816K, reserved 1048576K
}

